03/16/2021 02:34:16 AM: DEBUG:With Format
03/16/2021 02:34:16 AM: INFO:So should this
03/16/2021 02:34:16 AM: WARNING:And this, too
03/16/2021 02:34:16 AM: WARNING:OVERWRITE
03/16/2021 02:34:16 AM: DEBUG:This message should got to the log file
03/16/2021 02:34:16 AM: INFO:So should this
03/16/2021 02:34:16 AM: WARNING:And this, too
03/16/2021 02:34:16 AM: ERROR:And non-ASCII stuff,too,like  Øresund and Malmö
03/16/2021 02:34:16 AM: INFO:10
03/16/2021 02:34:16 AM: WARNING:Look YYYYYYYYYYYYYYYYYYYYYY leap
03/16/2021 02:34:43 AM: DEBUG:With Format
03/16/2021 02:34:43 AM: INFO:So should this
03/16/2021 02:34:43 AM: WARNING:And this, too
03/16/2021 02:34:43 AM: WARNING:OVERWRITE
03/16/2021 02:34:43 AM: DEBUG:This message should got to the log file
03/16/2021 02:34:43 AM: INFO:So should this
03/16/2021 02:34:43 AM: WARNING:And this, too
03/16/2021 02:34:43 AM: ERROR:And non-ASCII stuff,too,like  Øresund and Malmö
03/16/2021 02:34:43 AM: INFO:10
03/16/2021 02:34:43 AM: WARNING:Look YYYYYYYYYYYYYYYYYYYYYY leap
03/16/2021 02:35:05 AM: DEBUG:With Format
03/16/2021 02:35:05 AM: INFO:So should this
03/16/2021 02:35:05 AM: WARNING:And this, too
03/16/2021 02:35:05 AM: WARNING:OVERWRITE
03/16/2021 02:35:05 AM: DEBUG:This message should got to the log file
03/16/2021 02:35:05 AM: INFO:So should this
03/16/2021 02:35:05 AM: WARNING:And this, too
03/16/2021 02:35:05 AM: ERROR:And non-ASCII stuff,too,like  Øresund and Malmö
03/16/2021 02:35:05 AM: INFO:10
03/16/2021 02:35:05 AM: WARNING:Look YYYYYYYYYYYYYYYYYYYYYY leap
03/16/2021 02:35:17 AM: DEBUG:With Format
03/16/2021 02:35:17 AM: INFO:So should this
03/16/2021 02:35:17 AM: WARNING:And this, too
03/16/2021 02:35:17 AM: WARNING:OVERWRITE
03/16/2021 02:35:17 AM: DEBUG:This message should got to the log file
03/16/2021 02:35:17 AM: INFO:So should this
03/16/2021 02:35:17 AM: WARNING:And this, too
03/16/2021 02:35:17 AM: ERROR:And non-ASCII stuff,too,like  Øresund and Malmö
03/16/2021 02:35:17 AM: INFO:10
03/16/2021 02:35:17 AM: WARNING:Look YYYYYYYYYYYYYYYYYYYYYY leap
